Only in /Users/weguo/Downloads/jdk-17.0.8+6/Contents/Home/jmods: expanded_java.datatransfer.jmod
Only in /Users/weguo/Downloads/jdk-17.0.8+6/Contents/Home/jmods: expanded_java.desktop.jmod
Only in /Users/weguo/Downloads/jdk-17.0.8+6/Contents/Home/jmods: expanded_java.instrument.jmod
Only in /Users/weguo/Downloads/jdk-17.0.8+6/Contents/Home/jmods: expanded_java.logging.jmod
Only in /Users/weguo/Downloads/jdk-17.0.8+6/Contents/Home/jmods: expanded_java.management.jmod
Only in /Users/weguo/Downloads/jdk-17.0.8+6/Contents/Home/jmods: expanded_java.management.rmi.jmod
Only in /Users/weguo/Downloads/jdk-17.0.8+6/Contents/Home/jmods: expanded_java.naming.jmod
Only in /Users/weguo/Downloads/jdk-17.0.8+6/Contents/Home/jmods: expanded_java.net.http.jmod
Only in /Users/weguo/Downloads/jdk-17.0.8+6/Contents/Home/jmods: expanded_java.prefs.jmod
Only in /Users/weguo/Downloads/jdk-17.0.8+6/Contents/Home/jmods: expanded_java.rmi.jmod
Only in /Users/weguo/Downloads/jdk-17.0.8+6/Contents/Home/jmods: expanded_java.scripting.jmod
Only in /Users/weguo/Downloads/jdk-17.0.8+6/Contents/Home/jmods: expanded_java.security.jgss.jmod
Only in /Users/weguo/Downloads/jdk-17.0.8+6/Contents/Home/jmods: expanded_java.transaction.xa.jmod
Only in /Users/weguo/Downloads/jdk-17.0.8+6/Contents/Home/jmods: expanded_java.xml.crypto.jmod
Only in /Users/weguo/Downloads/jdk-17.0.8+6/Contents/Home/jmods: expanded_java.xml.jmod
Only in /Users/weguo/Downloads/jdk-17.0.8+6/Contents/Home/jmods: expanded_jdk.accessibility.jmod
Only in /Users/weguo/Downloads/jdk-17.0.8+6/Contents/Home/jmods: expanded_jdk.attach.jmod
Only in /Users/weguo/Downloads/jdk-17.0.8+6/Contents/Home/jmods: expanded_jdk.charsets.jmod
Only in /Users/weguo/Downloads/jdk-17.0.8+6/Contents/Home/jmods: expanded_jdk.compiler.jmod
Only in /Users/weguo/Downloads/jdk-17.0.8+6/Contents/Home/jmods: expanded_jdk.crypto.cryptoki.jmod
Only in /Users/weguo/Downloads/jdk-17.0.8+6/Contents/Home/jmods: expanded_jdk.crypto.ec.jmod
Only in /Users/weguo/Downloads/jdk-17.0.8+6/Contents/Home/jmods: expanded_jdk.dynalink.jmod
Only in /Users/weguo/Downloads/jdk-17.0.8+6/Contents/Home/jmods: expanded_jdk.editpad.jmod
Only in /Users/weguo/Downloads/jdk-17.0.8+6/Contents/Home/jmods: expanded_jdk.httpserver.jmod
Only in /Users/weguo/Downloads/jdk-17.0.8+6/Contents/Home/jmods: expanded_jdk.internal.ed.jmod
Only in /Users/weguo/Downloads/jdk-17.0.8+6/Contents/Home/jmods: expanded_jdk.internal.le.jmod
Only in /Users/weguo/Downloads/jdk-17.0.8+6/Contents/Home/jmods: expanded_jdk.internal.opt.jmod
Only in /Users/weguo/Downloads/jdk-17.0.8+6/Contents/Home/jmods: expanded_jdk.internal.vm.ci.jmod
Only in /Users/weguo/Downloads/jdk-17.0.8+6/Contents/Home/jmods: expanded_jdk.internal.vm.compiler.jmod
Only in /Users/weguo/Downloads/jdk-17.0.8+6/Contents/Home/jmods: expanded_jdk.internal.vm.compiler.management.jmod
Only in /Users/weguo/Downloads/jdk-17.0.8+6/Contents/Home/jmods: expanded_jdk.javadoc.jmod
Only in /Users/weguo/Downloads/jdk-17.0.8+6/Contents/Home/jmods: expanded_jdk.jcmd.jmod
Only in /Users/weguo/Downloads/jdk-17.0.8+6/Contents/Home/jmods: expanded_jdk.jconsole.jmod
Only in /Users/weguo/Downloads/jdk-17.0.8+6/Contents/Home/jmods: expanded_jdk.jdi.jmod
Only in /Users/weguo/Downloads/jdk-17.0.8+6/Contents/Home/jmods: expanded_jdk.jlink.jmod
Only in /Users/weguo/Downloads/jdk-17.0.8+6/Contents/Home/jmods: expanded_jdk.jpackage.jmod
Only in /Users/weguo/Downloads/jdk-17.0.8+6/Contents/Home/jmods: expanded_jdk.jshell.jmod
Only in /Users/weguo/Downloads/jdk-17.0.8+6/Contents/Home/jmods: expanded_jdk.jsobject.jmod
Only in /Users/weguo/Downloads/jdk-17.0.8+6/Contents/Home/jmods: expanded_jdk.localedata.jmod
Only in /Users/weguo/Downloads/jdk-17.0.8+6/Contents/Home/jmods: expanded_jdk.management.agent.jmod
Only in /Users/weguo/Downloads/jdk-17.0.8+6/Contents/Home/jmods: expanded_jdk.management.jfr.jmod
Only in /Users/weguo/Downloads/jdk-17.0.8+6/Contents/Home/jmods: expanded_jdk.management.jmod
Only in /Users/weguo/Downloads/jdk-17.0.8+6/Contents/Home/jmods: expanded_jdk.naming.dns.jmod
Only in /Users/weguo/Downloads/jdk-17.0.8+6/Contents/Home/jmods: expanded_jdk.naming.rmi.jmod
Only in /Users/weguo/Downloads/jdk-17.0.8+6/Contents/Home/jmods: expanded_jdk.net.jmod
Only in /Users/weguo/Downloads/jdk-17.0.8+6/Contents/Home/jmods: expanded_jdk.nio.mapmode.jmod
Only in /Users/weguo/Downloads/jdk-17.0.8+6/Contents/Home/jmods: expanded_jdk.random.jmod
Only in /Users/weguo/Downloads/jdk-17.0.8+6/Contents/Home/jmods: expanded_jdk.sctp.jmod
Only in /Users/weguo/Downloads/jdk-17.0.8+6/Contents/Home/jmods: expanded_jdk.security.auth.jmod
Only in /Users/weguo/Downloads/jdk-17.0.8+6/Contents/Home/jmods: expanded_jdk.security.jgss.jmod
Only in /Users/weguo/Downloads/jdk-17.0.8+6/Contents/Home/jmods: expanded_jdk.unsupported.desktop.jmod
Only in /Users/weguo/Downloads/jdk-17.0.8+6/Contents/Home/jmods: expanded_jdk.unsupported.jmod
Only in /Users/weguo/Downloads/jdk-17.0.8+6/Contents/Home/jmods: expanded_jdk.xml.dom.jmod
